<?xml version="1.0" encoding="UTF-8"?><testsuite errors="0" failures="0" name="org.gorest.gorestinfo.UserCRUDTest" skipped="0" tests="4" time="9.3" timestamp="2023-06-04T17:34:17.706+01:00[Europe/London]"><testcase classname="org.gorest.gorestinfo.UserCRUDTest" name="This will create new user"/><testcase classname="org.gorest.gorestinfo.UserCRUDTest" name="Verify if the user was added to the application"/><testcase classname="org.gorest.gorestinfo.UserCRUDTest" name="Update the user information and verify the updated information"/><testcase classname="org.gorest.gorestinfo.UserCRUDTest" name="Delete the user and verify if the user is deleted"/></testsuite>